июн. 23, 2023 11:03:49 PM hw2.ex2 main
INFO: My first log
июн. 23, 2023 11:03:49 PM hw2.ex2 main
INFO: [3, 9, 2, 5, 1, 7, 6, 4, 8]
июн. 23, 2023 11:03:49 PM hw2.ex2 main
INFO: [3, 2, 9, 5, 1, 7, 6, 4, 8]
июн. 23, 2023 11:03:49 PM hw2.ex2 main
INFO: [3, 2, 5, 9, 1, 7, 6, 4, 8]
июн. 23, 2023 11:03:49 PM hw2.ex2 main
INFO: [3, 2, 5, 1, 9, 7, 6, 4, 8]
июн. 23, 2023 11:03:49 PM hw2.ex2 main
INFO: [3, 2, 5, 1, 7, 9, 6, 4, 8]
июн. 23, 2023 11:03:49 PM hw2.ex2 main
INFO: [3, 2, 5, 1, 7, 6, 9, 4, 8]
июн. 23, 2023 11:03:49 PM hw2.ex2 main
INFO: [3, 2, 5, 1, 7, 6, 4, 9, 8]
июн. 23, 2023 11:03:49 PM hw2.ex2 main
INFO: [3, 2, 5, 1, 7, 6, 4, 8, 9]
июн. 23, 2023 11:03:49 PM hw2.ex2 main
INFO: [2, 3, 5, 1, 7, 6, 4, 8, 9]
июн. 23, 2023 11:03:49 PM hw2.ex2 main
INFO: [2, 3, 5, 1, 7, 6, 4, 8, 9]
июн. 23, 2023 11:03:49 PM hw2.ex2 main
INFO: [2, 3, 1, 5, 7, 6, 4, 8, 9]
июн. 23, 2023 11:03:49 PM hw2.ex2 main
INFO: [2, 3, 1, 5, 7, 6, 4, 8, 9]
июн. 23, 2023 11:03:49 PM hw2.ex2 main
INFO: [2, 3, 1, 5, 6, 7, 4, 8, 9]
июн. 23, 2023 11:03:49 PM hw2.ex2 main
INFO: [2, 3, 1, 5, 6, 4, 7, 8, 9]
июн. 23, 2023 11:03:49 PM hw2.ex2 main
INFO: [2, 3, 1, 5, 6, 4, 7, 8, 9]
июн. 23, 2023 11:03:49 PM hw2.ex2 main
INFO: [2, 3, 1, 5, 6, 4, 7, 8, 9]
июн. 23, 2023 11:03:49 PM hw2.ex2 main
INFO: [2, 1, 3, 5, 6, 4, 7, 8, 9]
июн. 23, 2023 11:03:49 PM hw2.ex2 main
INFO: [2, 1, 3, 5, 6, 4, 7, 8, 9]
июн. 23, 2023 11:03:49 PM hw2.ex2 main
INFO: [2, 1, 3, 5, 6, 4, 7, 8, 9]
июн. 23, 2023 11:03:49 PM hw2.ex2 main
INFO: [2, 1, 3, 5, 4, 6, 7, 8, 9]
июн. 23, 2023 11:03:49 PM hw2.ex2 main
INFO: [2, 1, 3, 5, 4, 6, 7, 8, 9]
июн. 23, 2023 11:03:49 PM hw2.ex2 main
INFO: [1, 2, 3, 5, 4, 6, 7, 8, 9]
июн. 23, 2023 11:03:49 PM hw2.ex2 main
INFO: [1, 2, 3, 5, 4, 6, 7, 8, 9]
июн. 23, 2023 11:03:49 PM hw2.ex2 main
INFO: [1, 2, 3, 5, 4, 6, 7, 8, 9]
июн. 23, 2023 11:03:49 PM hw2.ex2 main
INFO: [1, 2, 3, 4, 5, 6, 7, 8, 9]
июн. 23, 2023 11:03:49 PM hw2.ex2 main
INFO: [1, 2, 3, 4, 5, 6, 7, 8, 9]
июн. 23, 2023 11:03:49 PM hw2.ex2 main
INFO: [1, 2, 3, 4, 5, 6, 7, 8, 9]
июн. 23, 2023 11:03:49 PM hw2.ex2 main
INFO: [1, 2, 3, 4, 5, 6, 7, 8, 9]
июн. 23, 2023 11:03:49 PM hw2.ex2 main
INFO: [1, 2, 3, 4, 5, 6, 7, 8, 9]
июн. 23, 2023 11:03:49 PM hw2.ex2 main
INFO: [1, 2, 3, 4, 5, 6, 7, 8, 9]
июн. 23, 2023 11:03:49 PM hw2.ex2 main
INFO: [1, 2, 3, 4, 5, 6, 7, 8, 9]
июн. 23, 2023 11:03:49 PM hw2.ex2 main
INFO: [1, 2, 3, 4, 5, 6, 7, 8, 9]
июн. 23, 2023 11:03:49 PM hw2.ex2 main
INFO: [1, 2, 3, 4, 5, 6, 7, 8, 9]
июн. 23, 2023 11:03:49 PM hw2.ex2 main
INFO: [1, 2, 3, 4, 5, 6, 7, 8, 9]
июн. 23, 2023 11:03:49 PM hw2.ex2 main
INFO: [1, 2, 3, 4, 5, 6, 7, 8, 9]
июн. 23, 2023 11:03:49 PM hw2.ex2 main
INFO: [1, 2, 3, 4, 5, 6, 7, 8, 9]
